<?xml version="1.0" encoding="UTF-8"?>
<testng-results ignored="0" total="1" passed="1" failed="0" skipped="0">
  <reporter-output>
  </reporter-output>
  <suite started-at="2025-04-28T14:07:59 IST" name="LoginSuite" finished-at="2025-04-28T14:08:19 IST" duration-ms="20096">
    <groups>
    </groups>
    <test started-at="2025-04-28T14:07:59 IST" name="LoginTests" finished-at="2025-04-28T14:08:19 IST" duration-ms="20096">
      <class name="tests.AmazonBuyProductTest">
        <test-method is-config="true" signature="openBrowser()[pri:0, instance:tests.AmazonBuyProductTest@4bdeaabb]" started-at="2025-04-28T14:07:36 IST" name="openBrowser" finished-at="2025-04-28T14:07:59 IST" duration-ms="23350" status="PASS">
          <reporter-output>
          </reporter-output>
        </test-method> <!-- openBrowser -->
        <test-method is-config="true" signature="login()[pri:0, instance:tests.AmazonBuyProductTest@4bdeaabb]" started-at="2025-04-28T14:07:59 IST" name="login" finished-at="2025-04-28T14:08:05 IST" duration-ms="5968" status="PASS">
          <reporter-output>
          </reporter-output>
        </test-method> <!-- login -->
        <test-method signature="buyProductTest()[pri:0, instance:tests.AmazonBuyProductTest@4bdeaabb]" started-at="2025-04-28T14:08:05 IST" name="buyProductTest" finished-at="2025-04-28T14:08:14 IST" duration-ms="9383" status="PASS">
          <reporter-output>
          </reporter-output>
        </test-method> <!-- buyProductTest -->
        <test-method is-config="true" signature="logout()[pri:0, instance:tests.AmazonBuyProductTest@4bdeaabb]" started-at="2025-04-28T14:08:15 IST" name="logout" finished-at="2025-04-28T14:08:19 IST" duration-ms="4519" status="PASS">
          <reporter-output>
          </reporter-output>
        </test-method> <!-- logout -->
        <test-method is-config="true" signature="closeBrowser()[pri:0, instance:tests.AmazonBuyProductTest@4bdeaabb]" started-at="2025-04-28T14:08:19 IST" name="closeBrowser" finished-at="2025-04-28T14:08:20 IST" duration-ms="962" status="PASS">
          <reporter-output>
          </reporter-output>
        </test-method> <!-- closeBrowser -->
      </class> <!-- tests.AmazonBuyProductTest -->
    </test> <!-- LoginTests -->
  </suite> <!-- LoginSuite -->
</testng-results>
