<?xml version="1.0" encoding="UTF-8"?>
<testng-results ignored="0" total="1" passed="1" failed="0" skipped="0">
  <reporter-output>
  </reporter-output>
  <suite started-at="2025-04-29T23:02:07 IST" name="LoginSuite" finished-at="2025-04-29T23:02:27 IST" duration-ms="20646">
    <groups>
    </groups>
    <test started-at="2025-04-29T23:02:07 IST" name="LoginTests" finished-at="2025-04-29T23:02:27 IST" duration-ms="20646">
      <class name="tests.AmazonBuyProductTest">
        <test-method is-config="true" signature="openBrowser()[pri:0, instance:tests.AmazonBuyProductTest@65987993]" started-at="2025-04-29T23:02:04 IST" name="openBrowser" finished-at="2025-04-29T23:02:07 IST" duration-ms="2571" status="PASS">
          <reporter-output>
          </reporter-output>
        </test-method> <!-- openBrowser -->
        <test-method is-config="true" signature="navigateToAmazon()[pri:0, instance:tests.AmazonBuyProductTest@65987993]" started-at="2025-04-29T23:02:07 IST" name="navigateToAmazon" finished-at="2025-04-29T23:02:09 IST" duration-ms="1996" status="PASS">
          <reporter-output>
          </reporter-output>
        </test-method> <!-- navigateToAmazon -->
        <test-method is-config="true" signature="login()[pri:0, instance:tests.AmazonBuyProductTest@65987993]" started-at="2025-04-29T23:02:09 IST" name="login" finished-at="2025-04-29T23:02:12 IST" duration-ms="3113" status="PASS">
          <reporter-output>
          </reporter-output>
        </test-method> <!-- login -->
        <test-method signature="buyProductTest()[pri:0, instance:tests.AmazonBuyProductTest@65987993]" started-at="2025-04-29T23:02:12 IST" name="buyProductTest" finished-at="2025-04-29T23:02:26 IST" duration-ms="13374" status="PASS">
          <reporter-output>
          </reporter-output>
        </test-method> <!-- buyProductTest -->
        <test-method is-config="true" signature="logout()[pri:0, instance:tests.AmazonBuyProductTest@65987993]" started-at="2025-04-29T23:02:26 IST" name="logout" finished-at="2025-04-29T23:02:27 IST" duration-ms="1757" status="PASS">
          <reporter-output>
          </reporter-output>
        </test-method> <!-- logout -->
        <test-method is-config="true" signature="closeBrowser()[pri:0, instance:tests.AmazonBuyProductTest@65987993]" started-at="2025-04-29T23:02:28 IST" name="closeBrowser" finished-at="2025-04-29T23:02:28 IST" duration-ms="605" status="PASS">
          <reporter-output>
          </reporter-output>
        </test-method> <!-- closeBrowser -->
      </class> <!-- tests.AmazonBuyProductTest -->
    </test> <!-- LoginTests -->
  </suite> <!-- LoginSuite -->
</testng-results>
